TN:
SF:src\modules\posts\services\createComment\CreateCommentController.ts
FN:8,(anonymous_8)
FNF:1
FNH:1
FNDA:1,(anonymous_8)
DA:3,15
DA:5,15
DA:7,15
DA:9,1
DA:10,1
DA:12,1
DA:14,1
DA:16,1
LF:8
LH:8
BRF:0
BRH:0
end_of_record
TN:
SF:src\modules\posts\services\createComment\CreateCommentService.ts
FN:15,(anonymous_12)
FN:26,(anonymous_13)
FNF:2
FNH:2
FNDA:3,(anonymous_12)
FNDA:3,(anonymous_13)
DA:1,16
DA:11,16
DA:14,16
DA:17,3
DA:20,3
DA:23,3
DA:27,3
DA:31,3
DA:32,1
DA:35,2
DA:40,2
DA:42,2
LF:12
LH:12
BRDA:31,0,0,1
BRF:1
BRH:1
end_of_record
TN:
SF:src\modules\posts\services\createPost\CreatePostController.ts
FN:8,(anonymous_8)
FNF:1
FNH:1
FNDA:1,(anonymous_8)
DA:3,15
DA:5,15
DA:7,15
DA:9,1
DA:11,1
DA:13,1
DA:15,1
LF:7
LH:7
BRF:0
BRH:0
end_of_record
TN:
SF:src\modules\posts\services\createPost\CreatePostService.ts
FN:13,(anonymous_11)
FN:21,(anonymous_12)
FNF:2
FNH:2
FNDA:2,(anonymous_11)
FNDA:2,(anonymous_12)
DA:1,16
DA:12,16
DA:15,2
DA:18,2
DA:23,2
DA:24,2
DA:26,2
DA:28,2
LF:8
LH:8
BRF:0
BRH:0
end_of_record
TN:
SF:src\modules\posts\services\createReaction\CreateReactionController.ts
FN:8,(anonymous_8)
FNF:1
FNH:1
FNDA:1,(anonymous_8)
DA:3,15
DA:5,15
DA:7,15
DA:9,1
DA:10,1
DA:12,1
DA:14,1
DA:16,1
LF:8
LH:8
BRF:0
BRH:0
end_of_record
TN:
SF:src\modules\posts\services\createReaction\CreateReactionService.ts
FN:15,(anonymous_12)
FN:26,(anonymous_13)
FNF:2
FNH:2
FNDA:3,(anonymous_12)
FNDA:3,(anonymous_13)
DA:1,16
DA:11,16
DA:14,16
DA:17,3
DA:20,3
DA:23,3
DA:27,3
DA:31,3
DA:32,1
DA:35,2
DA:40,2
DA:42,2
LF:12
LH:12
BRDA:31,0,0,1
BRF:1
BRH:1
end_of_record
TN:
SF:src\modules\posts\services\deleteComment\DeleteCommentController.ts
FN:8,(anonymous_8)
FNF:1
FNH:1
FNDA:1,(anonymous_8)
DA:2,15
DA:5,15
DA:7,15
DA:9,1
DA:11,1
DA:13,1
DA:15,1
LF:7
LH:7
BRF:0
BRH:0
end_of_record
TN:
SF:src\modules\posts\services\deleteComment\DeleteCommentService.ts
FN:13,(anonymous_12)
FN:21,(anonymous_13)
FNF:2
FNH:2
FNDA:3,(anonymous_12)
FNDA:3,(anonymous_13)
DA:1,16
DA:3,16
DA:12,16
DA:15,3
DA:18,3
DA:22,3
DA:24,3
DA:25,1
DA:28,2
DA:30,2
DA:32,2
LF:11
LH:11
BRDA:24,0,0,1
BRF:1
BRH:1
end_of_record
TN:
SF:src\modules\posts\services\deletePost\DeletePostController.ts
FN:8,(anonymous_8)
FNF:1
FNH:1
FNDA:1,(anonymous_8)
DA:2,15
DA:5,15
DA:7,15
DA:9,1
DA:11,1
DA:13,1
DA:15,1
LF:7
LH:7
BRF:0
BRH:0
end_of_record
TN:
SF:src\modules\posts\services\deletePost\DeletePostService.ts
FN:13,(anonymous_12)
FN:21,(anonymous_13)
FNF:2
FNH:2
FNDA:3,(anonymous_12)
FNDA:3,(anonymous_13)
DA:1,16
DA:3,16
DA:12,16
DA:15,3
DA:18,3
DA:22,3
DA:24,3
DA:25,1
DA:28,2
DA:30,2
DA:32,2
LF:11
LH:11
BRDA:24,0,0,1
BRF:1
BRH:1
end_of_record
TN:
SF:src\modules\posts\services\deleteReaction\DeleteReactionController.ts
FN:8,(anonymous_8)
FNF:1
FNH:1
FNDA:1,(anonymous_8)
DA:2,15
DA:5,15
DA:7,15
DA:9,1
DA:11,1
DA:13,1
DA:15,1
LF:7
LH:7
BRF:0
BRH:0
end_of_record
TN:
SF:src\modules\posts\services\deleteReaction\DeleteReactionService.ts
FN:13,(anonymous_12)
FN:21,(anonymous_13)
FNF:2
FNH:2
FNDA:3,(anonymous_12)
FNDA:3,(anonymous_13)
DA:1,16
DA:3,16
DA:12,16
DA:15,3
DA:18,3
DA:22,3
DA:24,3
DA:25,1
DA:28,2
DA:30,2
DA:32,2
LF:11
LH:11
BRDA:24,0,0,1
BRF:1
BRH:1
end_of_record
TN:
SF:src\modules\posts\services\listComment\ListCommentController.ts
FN:7,(anonymous_8)
FNF:1
FNH:1
FNDA:1,(anonymous_8)
DA:2,15
DA:4,15
DA:6,15
DA:8,1
DA:10,1
DA:12,1
DA:14,1
LF:7
LH:7
BRDA:10,0,0,1
BRDA:10,1,0,1
BRF:2
BRH:2
end_of_record
TN:
SF:src\modules\posts\services\listComment\ListCommentService.ts
FN:12,(anonymous_11)
FN:20,(anonymous_12)
FNF:2
FNH:2
FNDA:4,(anonymous_11)
FNDA:6,(anonymous_12)
DA:1,16
DA:11,16
DA:14,4
DA:17,4
DA:21,6
DA:23,6
DA:25,6
DA:26,5
DA:27,5
DA:28,5
DA:31,6
LF:11
LH:11
BRDA:25,0,0,5
BRF:1
BRH:1
end_of_record
TN:
SF:src\modules\posts\services\listPost\ListPostController.ts
FN:7,(anonymous_8)
FNF:1
FNH:1
FNDA:1,(anonymous_8)
DA:2,15
DA:4,15
DA:6,15
DA:8,1
DA:10,1
DA:12,1
DA:14,1
LF:7
LH:7
BRDA:10,0,0,1
BRDA:10,1,0,1
BRF:2
BRH:2
end_of_record
TN:
SF:src\modules\posts\services\listPost\ListPostService.ts
FN:12,(anonymous_11)
FN:20,(anonymous_12)
FNF:2
FNH:2
FNDA:4,(anonymous_11)
FNDA:6,(anonymous_12)
DA:1,16
DA:11,16
DA:14,4
DA:17,4
DA:21,6
DA:23,6
DA:25,6
DA:26,5
DA:27,5
DA:28,5
DA:31,6
LF:11
LH:11
BRDA:25,0,0,5
BRF:1
BRH:1
end_of_record
TN:
SF:src\modules\posts\services\listReaction\ListReactionController.ts
FN:7,(anonymous_8)
FNF:1
FNH:1
FNDA:1,(anonymous_8)
DA:2,15
DA:4,15
DA:6,15
DA:8,1
DA:10,1
DA:12,1
DA:14,1
LF:7
LH:7
BRDA:10,0,0,1
BRDA:10,1,0,1
BRF:2
BRH:2
end_of_record
TN:
SF:src\modules\posts\services\listReaction\ListReactionService.ts
FN:12,(anonymous_11)
FN:20,(anonymous_12)
FNF:2
FNH:2
FNDA:4,(anonymous_11)
FNDA:6,(anonymous_12)
DA:1,16
DA:11,16
DA:14,4
DA:17,4
DA:21,6
DA:23,6
DA:27,6
DA:28,5
DA:29,5
DA:30,5
DA:33,6
LF:11
LH:11
BRDA:27,0,0,5
BRF:1
BRH:1
end_of_record
TN:
SF:src\modules\posts\services\showComment\ShowCommentController.ts
FN:8,(anonymous_8)
FNF:1
FNH:1
FNDA:1,(anonymous_8)
DA:2,15
DA:5,15
DA:7,15
DA:9,1
DA:11,1
DA:13,1
DA:15,1
LF:7
LH:7
BRF:0
BRH:0
end_of_record
TN:
SF:src\modules\posts\services\showComment\ShowCommentService.ts
FN:12,(anonymous_12)
FN:17,(anonymous_13)
FNF:2
FNH:2
FNDA:3,(anonymous_12)
FNDA:3,(anonymous_13)
DA:1,16
DA:3,16
DA:11,16
DA:14,3
DA:18,3
DA:22,3
DA:23,1
DA:26,2
LF:8
LH:8
BRDA:22,0,0,1
BRF:1
BRH:1
end_of_record
TN:
SF:src\modules\posts\services\showPost\ShowPostController.ts
FN:8,(anonymous_8)
FNF:1
FNH:1
FNDA:1,(anonymous_8)
DA:2,15
DA:5,15
DA:7,15
DA:9,1
DA:11,1
DA:13,1
DA:15,1
LF:7
LH:7
BRF:0
BRH:0
end_of_record
TN:
SF:src\modules\posts\services\showPost\ShowPostService.ts
FN:13,(anonymous_12)
FN:18,(anonymous_13)
FNF:2
FNH:2
FNDA:3,(anonymous_12)
FNDA:3,(anonymous_13)
DA:1,16
DA:3,16
DA:9,16
DA:12,16
DA:15,3
DA:19,3
DA:24,3
DA:25,1
DA:28,2
LF:9
LH:9
BRDA:24,0,0,1
BRF:1
BRH:1
end_of_record
TN:
SF:src\modules\posts\services\showReaction\ShowReactionController.ts
FN:8,(anonymous_8)
FNF:1
FNH:1
FNDA:1,(anonymous_8)
DA:2,15
DA:5,15
DA:7,15
DA:9,1
DA:11,1
DA:13,1
DA:15,1
LF:7
LH:7
BRF:0
BRH:0
end_of_record
TN:
SF:src\modules\posts\services\showReaction\ShowReactionService.ts
FN:12,(anonymous_12)
FN:17,(anonymous_13)
FNF:2
FNH:2
FNDA:3,(anonymous_12)
FNDA:3,(anonymous_13)
DA:1,16
DA:3,16
DA:11,16
DA:14,3
DA:18,3
DA:20,3
DA:21,1
DA:24,2
LF:8
LH:8
BRDA:20,0,0,1
BRF:1
BRH:1
end_of_record
TN:
SF:src\modules\posts\services\updateComment\UpdateCommentController.ts
FN:9,(anonymous_8)
FNF:1
FNH:1
FNDA:1,(anonymous_8)
DA:2,15
DA:6,15
DA:8,15
DA:10,1
DA:12,1
DA:13,1
DA:15,1
DA:17,1
LF:8
LH:8
BRF:0
BRH:0
end_of_record
TN:
SF:src\modules\posts\services\updateComment\UpdateCommentService.ts
FN:16,(anonymous_12)
FN:24,(anonymous_13)
FNF:2
FNH:2
FNDA:3,(anonymous_12)
FNDA:3,(anonymous_13)
DA:1,16
DA:3,16
DA:11,16
DA:15,16
DA:18,3
DA:21,3
DA:28,3
DA:30,3
DA:31,1
DA:34,2
DA:36,2
DA:40,2
LF:12
LH:12
BRDA:30,0,0,1
BRF:1
BRH:1
end_of_record
TN:
SF:src\modules\posts\services\updatePost\UpdatePostController.ts
FN:9,(anonymous_8)
FNF:1
FNH:1
FNDA:1,(anonymous_8)
DA:2,15
DA:6,15
DA:8,15
DA:10,1
DA:12,1
DA:13,1
DA:15,1
DA:17,1
LF:8
LH:8
BRF:0
BRH:0
end_of_record
TN:
SF:src\modules\posts\services\updatePost\UpdatePostService.ts
FN:16,(anonymous_12)
FN:24,(anonymous_13)
FNF:2
FNH:2
FNDA:3,(anonymous_12)
FNDA:3,(anonymous_13)
DA:1,16
DA:3,16
DA:11,16
DA:15,16
DA:18,3
DA:21,3
DA:28,3
DA:30,3
DA:31,1
DA:34,2
DA:36,2
DA:40,2
LF:12
LH:12
BRDA:30,0,0,1
BRF:1
BRH:1
end_of_record
TN:
SF:src\modules\posts\services\updateReaction\UpdateReactionController.ts
FN:9,(anonymous_8)
FNF:1
FNH:1
FNDA:1,(anonymous_8)
DA:2,15
DA:6,15
DA:8,15
DA:10,1
DA:12,1
DA:13,1
DA:15,1
DA:17,1
LF:8
LH:8
BRF:0
BRH:0
end_of_record
TN:
SF:src\modules\posts\services\updateReaction\UpdateReactionService.ts
FN:16,(anonymous_12)
FN:24,(anonymous_13)
FNF:2
FNH:2
FNDA:3,(anonymous_12)
FNDA:3,(anonymous_13)
DA:1,16
DA:3,16
DA:11,16
DA:15,16
DA:18,3
DA:21,3
DA:28,3
DA:30,3
DA:31,1
DA:34,2
DA:36,2
DA:40,2
LF:12
LH:12
BRDA:30,0,0,1
BRF:1
BRH:1
end_of_record
